This is pdfTeX, Version 3.141592653-2.6-1.40.26 (TeX Live 2024) (preloaded format=pdflatex 2024.11.14)  27 NOV 2024 22:13
entering extended mode
 restricted \write18 enabled.
 %&-line parsing enabled.
**Payoff_Statistics_Strategy_Category_Game_Type.tex
(./Payoff_Statistics_Strategy_Category_Game_Type.tex
LaTeX2e <2024-11-01>
L3 programming layer <2024-11-02>

! LaTeX Error: Environment table undefined.

See the LaTeX manual or LaTeX Companion for explanation.
Type  H <return>  for immediate help.
 ...                                              
                                                  
l.4 \begin{table}
                 [!htbp] \centering
? 
! Emergency stop.
 ...                                              
                                                  
l.4 \begin{table}
                 [!htbp] \centering
Your command was ignored.
Type  I <command> <return>  to replace it with another command,
or  <return>  to continue without it.

 
Here is how much of TeX's memory you used:
 15 strings out of 475322
 632 string characters out of 5769216
 385159 words of memory out of 5000000
 22969 multiletter control sequences out of 15000+600000
 558069 words of font info for 36 fonts, out of 8000000 for 9000
 14 hyphenation exceptions out of 8191
 12i,0n,13p,164b,16s stack positions out of 10000i,1000n,20000p,200000b,200000s
!  ==> Fatal error occurred, no output PDF file produced!
